<?xml version="1.0" encoding="UTF-8"?>
<!-- Generated by org.testng.reporters.JUnitReportReporter -->
<testsuite hostname="Garima" failures="0" tests="1" name="vendorTestCase.CreateVendorTest" time="17.206" errors="0" timestamp="2024-03-18T20:45:48 IST" skipped="0">
  <testcase classname="vendorTestCase.CreateVendorTest" name="createVendorTest" time="17.206"/>
  <system-out/>
</testsuite> <!-- vendorTestCase.CreateVendorTest -->
