<?xml version="1.0" encoding="UTF-8"?>
<!-- Generated by org.testng.reporters.JUnitReportReporter -->
<testsuite hostname="Garima" failures="0" tests="1" name="opportunitiesTestCase.CreateOpportunitiesWithContactTest" time="66.101" errors="0" timestamp="2024-03-20T21:12:56 IST" skipped="0">
  <testcase classname="opportunitiesTestCase.CreateOpportunitiesWithContactTest" name="createOpportunityTest1" time="66.101"/>
  <system-out/>
</testsuite> <!-- opportunitiesTestCase.CreateOpportunitiesWithContactTest -->
