<?xml version="1.0" encoding="UTF-8"?>
<!-- Generated by org.testng.reporters.JUnitReportReporter -->
<testsuite hostname="Garima" failures="0" tests="1" name="contactTestCase.CreateContactTest" time="37.062" errors="0" timestamp="2024-03-17T20:09:07 IST" skipped="0">
  <testcase classname="contactTestCase.CreateContactTest" name="createContactTest" time="37.062"/>
  <system-out/>
</testsuite> <!-- contactTestCase.CreateContactTest -->
