<?xml version="1.0" encoding="UTF-8"?>
<!-- Generated by org.testng.reporters.JUnitReportReporter -->
<testsuite hostname="Garima" failures="0" tests="1" name="TestMethods.LoginTest" time="7.532" errors="0" timestamp="2024-03-13T21:01:02 IST" skipped="0">
  <testcase classname="TestMethods.LoginTest" name="login" time="7.532"/>
  <system-out/>
</testsuite> <!-- TestMethods.LoginTest -->
