<?xml version="1.0" encoding="UTF-8"?>
<!-- Generated by org.testng.reporters.JUnitReportReporter -->
<testsuite hostname="Garima" failures="0" tests="1" name="productTestCase.CreateProductTest" time="21.679" errors="0" timestamp="2024-03-19T09:19:36 IST" skipped="0">
  <testcase classname="productTestCase.CreateProductTest" name="createProductTest" time="21.679"/>
  <system-out/>
</testsuite> <!-- productTestCase.CreateProductTest -->
