<?xml version="1.0" encoding="UTF-8"?>
<!-- Generated by org.testng.reporters.JUnitReportReporter -->
<testsuite hostname="Garima" failures="0" tests="2" name="productTestCase.CreateProductWithVendorAndScroll" time="101.001" errors="0" timestamp="2024-03-21T10:08:32 IST" skipped="0">
  <testcase classname="productTestCase.CreateProductWithVendorAndScroll" name="createProductWithVendorTest" time="50.653"/>
  <system-out/>
  <testcase classname="productTestCase.CreateProductWithVendorAndScroll" name="createProductWithVendorTest" time="50.348"/>
  <system-out/>
</testsuite> <!-- productTestCase.CreateProductWithVendorAndScroll -->
