<?xml version="1.0" encoding="UTF-8"?>
<!-- Generated by org.testng.reporters.JUnitReportReporter -->
<testsuite hostname="Garima" failures="0" tests="1" name="contactTestCase.CreateContactWithOrganisationTest" time="65.861" errors="0" timestamp="2024-03-19T11:29:25 IST" skipped="0">
  <testcase classname="contactTestCase.CreateContactWithOrganisationTest" name="createContactwithOrganisation" time="65.861"/>
  <system-out/>
</testsuite> <!-- contactTestCase.CreateContactWithOrganisationTest -->
