<?xml version="1.0" encoding="UTF-8"?>
<!-- Generated by org.testng.reporters.JUnitReportReporter -->
<testsuite hostname="Garima" failures="0" tests="1" name="opportunitiesTestCase.CreateOpportunitiesTest" time="39.403" errors="0" timestamp="2024-03-20T16:22:56 IST" skipped="0">
  <testcase classname="opportunitiesTestCase.CreateOpportunitiesTest" name="createOpportunityTest" time="39.403"/>
  <system-out/>
</testsuite> <!-- opportunitiesTestCase.CreateOpportunitiesTest -->
